# JRE version: Java(TM) SE Runtime Environment (8.0_101-b13) (build 1.8.0_101-b13)
# Java VM: Java HotSpot(TM) 64-Bit Server VM (25.101-b13 mixed mode windows-amd64 compressed oops)
Heap:
 PSYoungGen      total 271360K, used 9764K [0x00000000e0000000, 0x00000000f8900000, 0x0000000100000000)
  eden space 203776K, 4% used [0x00000000e0000000,0x00000000e09893e0,0x00000000ec700000)
  from space 67584K, 0% used [0x00000000ec700000,0x00000000ec700000,0x00000000f0900000)
  to   space 76288K, 0% used [0x00000000f3e80000,0x00000000f3e80000,0x00000000f8900000)
 ParOldGen       total 270848K, used 54893K [0x00000000a0000000, 0x00000000b0880000, 0x00000000e0000000)
  object space 270848K, 20% used [0x00000000a0000000,0x00000000a359b478,0x00000000b0880000)
 Metaspace       used 58031K, capacity 59270K, committed 59392K, reserved 1101824K
  class space    used 6848K, capacity 7096K, committed 7168K, reserved 1048576K
GC Heap History (10 events):
Event: 2032.098 GC heap before
{Heap before GC invocations=11 (full 3):
 PSYoungGen      total 169472K, used 169465K [0x00000000e0000000, 0x00000000efc80000, 0x0000000100000000)
  eden space 143360K, 100% used [0x00000000e0000000,0x00000000e8c00000,0x00000000e8c00000)
  from space 26112K, 99% used [0x00000000e8c00000,0x00000000ea57e648,0x00000000ea580000)
  to   space 35328K, 0% used [0x00000000eda00000,0x00000000eda00000,0x00000000efc80000)
 ParOldGen       total 173568K, used 40369K [0x00000000a0000000, 0x00000000aa980000, 0x00000000e0000000)
  object space 173568K, 23% used [0x00000000a0000000,0x00000000a276c400,0x00000000aa980000)
 Metaspace       used 53224K, capacity 54310K, committed 54656K, reserved 1097728K
  class space    used 6483K, capacity 6716K, committed 6784K, reserved 1048576K
Event: 2032.151 GC heap after
Heap after GC invocations=11 (full 3):
 PSYoungGen      total 211456K, used 35303K [0x00000000e0000000, 0x00000000f0b80000, 0x0000000100000000)
  eden space 176128K, 0% used [0x00000000e0000000,0x00000000e0000000,0x00000000eac00000)
  from space 35328K, 99% used [0x00000000eda00000,0x00000000efc79c48,0x00000000efc80000)
  to   space 47104K, 0% used [0x00000000eac00000,0x00000000eac00000,0x00000000eda00000)
 ParOldGen       total 173568K, used 52738K [0x00000000a0000000, 0x00000000aa980000, 0x00000000e0000000)
  object space 173568K, 30% used [0x00000000a0000000,0x00000000a3380838,0x00000000aa980000)
 Metaspace       used 53224K, capacity 54310K, committed 54656K, reserved 1097728K
  class space    used 6483K, capacity 6716K, committed 6784K, reserved 1048576K
}
Event: 2079.101 GC heap before
{Heap before GC invocations=12 (full 3):
 PSYoungGen      total 211456K, used 211431K [0x00000000e0000000, 0x00000000f0b80000, 0x0000000100000000)
  eden space 176128K, 100% used [0x00000000e0000000,0x00000000eac00000,0x00000000eac00000)
  from space 35328K, 99% used [0x00000000eda00000,0x00000000efc79c48,0x00000000efc80000)
  to   space 47104K, 0% used [0x00000000eac00000,0x00000000eac00000,0x00000000eda00000)
 ParOldGen       total 173568K, used 52738K [0x00000000a0000000, 0x00000000aa980000, 0x00000000e0000000)
  object space 173568K, 30% used [0x00000000a0000000,0x00000000a3380838,0x00000000aa980000)
 Metaspace       used 54421K, capacity 55618K, committed 55808K, reserved 1097728K
  class space    used 6514K, capacity 6796K, committed 6912K, reserved 1048576K
Event: 2079.142 GC heap after
Heap after GC invocations=12 (full 3):
 PSYoungGen      total 223232K, used 47099K [0x00000000e0000000, 0x00000000f4300000, 0x0000000100000000)
  eden space 176128K, 0% used [0x00000000e0000000,0x00000000e0000000,0x00000000eac00000)
  from space 47104K, 99% used [0x00000000eac00000,0x00000000ed9fef08,0x00000000eda00000)
  to   space 59392K, 0% used [0x00000000f0900000,0x00000000f0900000,0x00000000f4300000)
 ParOldGen       total 173568K, used 63061K [0x00000000a0000000, 0x00000000aa980000, 0x00000000e0000000)
  object space 173568K, 36% used [0x00000000a0000000,0x00000000a3d957d8,0x00000000aa980000)
 Metaspace       used 54421K, capacity 55618K, committed 55808K, reserved 1097728K
  class space    used 6514K, capacity 6796K, committed 6912K, reserved 1048576K
}
Event: 2080.147 GC heap before
{Heap before GC invocations=13 (full 3):
 PSYoungGen      total 223232K, used 223227K [0x00000000e0000000, 0x00000000f4300000, 0x0000000100000000)
  eden space 176128K, 100% used [0x00000000e0000000,0x00000000eac00000,0x00000000eac00000)
  from space 47104K, 99% used [0x00000000eac00000,0x00000000ed9fef08,0x00000000eda00000)
  to   space 59392K, 0% used [0x00000000f0900000,0x00000000f0900000,0x00000000f4300000)
 ParOldGen       total 173568K, used 63061K [0x00000000a0000000, 0x00000000aa980000, 0x00000000e0000000)
  object space 173568K, 36% used [0x00000000a0000000,0x00000000a3d957d8,0x00000000aa980000)
 Metaspace       used 54867K, capacity 56038K, committed 56320K, reserved 1099776K
  class space    used 6544K, capacity 6828K, committed 6912K, reserved 1048576K
Event: 2080.235 GC heap after
Heap after GC invocations=13 (full 3):
 PSYoungGen      total 263168K, used 55357K [0x00000000e0000000, 0x00000000f5800000, 0x0000000100000000)
  eden space 203776K, 0% used [0x00000000e0000000,0x00000000e0000000,0x00000000ec700000)
  from space 59392K, 93% used [0x00000000f0900000,0x00000000f3f0f700,0x00000000f4300000)
  to   space 67584K, 0% used [0x00000000ec700000,0x00000000ec700000,0x00000000f0900000)
 ParOldGen       total 173568K, used 85805K [0x00000000a0000000, 0x00000000aa980000, 0x00000000e0000000)
  object space 173568K, 49% used [0x00000000a0000000,0x00000000a53cb748,0x00000000aa980000)
 Metaspace       used 54867K, capacity 56038K, committed 56320K, reserved 1099776K
  class space    used 6544K, capacity 6828K, committed 6912K, reserved 1048576K
}
Event: 2081.406 GC heap before
{Heap before GC invocations=14 (full 3):
 PSYoungGen      total 263168K, used 142524K [0x00000000e0000000, 0x00000000f5800000, 0x0000000100000000)
  eden space 203776K, 42% used [0x00000000e0000000,0x00000000e551fb08,0x00000000ec700000)
  from space 59392K, 93% used [0x00000000f0900000,0x00000000f3f0f700,0x00000000f4300000)
  to   space 67584K, 0% used [0x00000000ec700000,0x00000000ec700000,0x00000000f0900000)
 ParOldGen       total 173568K, used 85805K [0x00000000a0000000, 0x00000000aa980000, 0x00000000e0000000)
  object space 173568K, 49% used [0x00000000a0000000,0x00000000a53cb748,0x00000000aa980000)
 Metaspace       used 57778K, capacity 59062K, committed 59136K, reserved 1101824K
  class space    used 6834K, capacity 7136K, committed 7168K, reserved 1048576K
Event: 2081.435 GC heap after
Heap after GC invocations=14 (full 3):
 PSYoungGen      total 271360K, used 60598K [0x00000000e0000000, 0x00000000f8900000, 0x0000000100000000)
  eden space 203776K, 0% used [0x00000000e0000000,0x00000000e0000000,0x00000000ec700000)
  from space 67584K, 89% used [0x00000000ec700000,0x00000000f022d8f8,0x00000000f0900000)
  to   space 76288K, 0% used [0x00000000f3e80000,0x00000000f3e80000,0x00000000f8900000)
 ParOldGen       total 173568K, used 85813K [0x00000000a0000000, 0x00000000aa980000, 0x00000000e0000000)
  object space 173568K, 49% used [0x00000000a0000000,0x00000000a53cd748,0x00000000aa980000)
 Metaspace       used 57778K, capacity 59062K, committed 59136K, reserved 1101824K
  class space    used 6834K, capacity 7136K, committed 7168K, reserved 1048576K
}
Event: 2081.435 GC heap before
{Heap before GC invocations=15 (full 4):
 PSYoungGen      total 271360K, used 60598K [0x00000000e0000000, 0x00000000f8900000, 0x0000000100000000)
  eden space 203776K, 0% used [0x00000000e0000000,0x00000000e0000000,0x00000000ec700000)
  from space 67584K, 89% used [0x00000000ec700000,0x00000000f022d8f8,0x00000000f0900000)
  to   space 76288K, 0% used [0x00000000f3e80000,0x00000000f3e80000,0x00000000f8900000)
 ParOldGen       total 173568K, used 85813K [0x00000000a0000000, 0x00000000aa980000, 0x00000000e0000000)
  object space 173568K, 49% used [0x00000000a0000000,0x00000000a53cd748,0x00000000aa980000)
 Metaspace       used 57778K, capacity 59062K, committed 59136K, reserved 1101824K
  class space    used 6834K, capacity 7136K, committed 7168K, reserved 1048576K
Event: 2081.647 GC heap after
Heap after GC invocations=15 (full 4):
 PSYoungGen      total 271360K, used 0K [0x00000000e0000000, 0x00000000f8900000, 0x0000000100000000)
  eden space 203776K, 0% used [0x00000000e0000000,0x00000000e0000000,0x00000000ec700000)
  from space 67584K, 0% used [0x00000000ec700000,0x00000000ec700000,0x00000000f0900000)
  to   space 76288K, 0% used [0x00000000f3e80000,0x00000000f3e80000,0x00000000f8900000)
 ParOldGen       total 270848K, used 54893K [0x00000000a0000000, 0x00000000b0880000, 0x00000000e0000000)
  object space 270848K, 20% used [0x00000000a0000000,0x00000000a359b478,0x00000000b0880000)
 Metaspace       used 57428K, capacity 58608K, committed 59136K, reserved 1101824K
  class space    used 6781K, capacity 7051K, committed 7168K, reserved 1048576K
}

